
Thu Feb 08 2024 17:14:59 GMT+0900 (日本標準時) >> Start Server PORT: 80
Thu Feb 08 2024 17:15:06 GMT+0900 (日本標準時) >> Access index
Thu Feb 08 2024 17:15:08 GMT+0900 (日本標準時) >> Access signinPage
Try Signin. mail: herentongkegu087@gmail.com, name: admin, pass: 2010
Thu Feb 08 2024 17:15:15 GMT+0900 (日本標準時) >> Access loginPage
Thu Feb 08 2024 17:15:18 GMT+0900 (日本標準時) >> Access dashboard
Thu Feb 08 2024 17:15:39 GMT+0900 (日本標準時) >> Access index
Thu Feb 08 2024 17:15:42 GMT+0900 (日本標準時) >> Access page
Thu Feb 08 2024 17:15:46 GMT+0900 (日本標準時) >> Access loginPage
Thu Feb 08 2024 17:15:48 GMT+0900 (日本標準時) >> Access dashboard
Thu Feb 08 2024 17:16:01 GMT+0900 (日本標準時) >> Access index
Thu Feb 08 2024 17:16:03 GMT+0900 (日本標準時) >> Access page
Thu Feb 08 2024 17:16:06 GMT+0900 (日本標準時) >> Access index
Thu Feb 08 2024 17:16:08 GMT+0900 (日本標準時) >> Access page
Thu Feb 08 2024 17:16:11 GMT+0900 (日本標準時) >> Access index
Thu Feb 08 2024 17:16:28 GMT+0900 (日本標準時) >> Access page
Thu Feb 08 2024 17:16:30 GMT+0900 (日本標準時) >> Access page
Thu Feb 08 2024 17:16:33 GMT+0900 (日本標準時) >> Access page
Thu Feb 08 2024 17:16:47 GMT+0900 (日本標準時) >> Access index
Thu Feb 08 2024 17:16:50 GMT+0900 (日本標準時) >> Access page
Thu Feb 08 2024 17:16:52 GMT+0900 (日本標準時) >> Access index
Thu Feb 08 2024 17:16:55 GMT+0900 (日本標準時) >> Access loginPage
Thu Feb 08 2024 17:16:57 GMT+0900 (日本標準時) >> Access dashboard